<?xml version="1.0" encoding="UTF-8"?>
<testng-results ignored="1" total="2" passed="0" failed="1" skipped="0">
  <reporter-output>
  </reporter-output>
  <suite started-at="2024-01-04T05:53:07 GMT" name="Default suite" finished-at="2024-01-04T05:53:17 GMT" duration-ms="9265">
    <groups>
      <group name="Sanity">
        <method signature="TestRunner.LaunchDriver(java.lang.String)[pri:-1, instance:RunnerPackage.TestRunner@792b749c]" name="LaunchDriver" class="RunnerPackage.TestRunner"/>
      </group> <!-- Sanity -->
    </groups>
    <test started-at="2024-01-04T05:53:07 GMT" name="Default test" finished-at="2024-01-04T05:53:17 GMT" duration-ms="9265">
      <class name="RunnerPackage.TestRunner">
        <test-method is-config="true" signature="launchApp()[pri:0, instance:RunnerPackage.TestRunner@792b749c]" started-at="2024-01-04T05:53:08 GMT" name="launchApp" finished-at="2024-01-04T05:53:14 GMT" duration-ms="6882" status="PASS">
          <reporter-output>
          </reporter-output>
        </test-method> <!-- launchApp -->
        <test-method signature="LaunchDriver(java.lang.String)[pri:-1, instance:RunnerPackage.TestRunner@792b749c]" started-at="2024-01-04T05:53:14 GMT" name="LaunchDriver" finished-at="2024-01-04T05:53:14 GMT" duration-ms="0" status="FAIL">
          <exception class="org.testng.TestNGException">
            <message>
              <![CDATA[
Parameter 'title' is required by @Test on method LaunchDriver but has not been marked @Optional or defined
in C:\Users\local_81728375\Temp\testng-eclipse-697638866\testng-customsuite.xml]]>
            </message>
            <full-stacktrace>
              <![CDATA[org.testng.TestNGException: 
Parameter 'title' is required by @Test on method LaunchDriver but has not been marked @Optional or defined
in C:\Users\local_81728375\Temp\testng-eclipse-697638866\testng-customsuite.xml
at org.testng.internal.Parameters.createParams(Parameters.java:267)
at org.testng.internal.Parameters.createParametersForMethod(Parameters.java:355)
at org.testng.internal.Parameters.createParameters(Parameters.java:684)
at org.testng.internal.Parameters.handleParameters(Parameters.java:879)
at org.testng.internal.Parameters.handleParameters(Parameters.java:728)
at org.testng.internal.invokers.ParameterHandler.handleParameters(ParameterHandler.java:72)
at org.testng.internal.invokers.ParameterHandler.createParameters(ParameterHandler.java:51)
at org.testng.internal.invokers.TestInvoker$MethodInvocationAgent.invoke(TestInvoker.java:924)
at org.testng.internal.invokers.TestInvoker.invokeTestMethods(TestInvoker.java:194)
at org.testng.internal.invokers.TestMethodWorker.invokeTestMethods(TestMethodWorker.java:148)
at org.testng.internal.invokers.TestMethodWorker.run(TestMethodWorker.java:128)
at java.base/java.util.ArrayList.forEach(ArrayList.java:1541)
at org.testng.TestRunner.privateRun(TestRunner.java:829)
at org.testng.TestRunner.run(TestRunner.java:602)
at org.testng.SuiteRunner.runTest(SuiteRunner.java:437)
at org.testng.SuiteRunner.runSequentially(SuiteRunner.java:431)
at org.testng.SuiteRunner.privateRun(SuiteRunner.java:391)
at org.testng.SuiteRunner.run(SuiteRunner.java:330)
at org.testng.SuiteRunnerWorker.runSuite(SuiteRunnerWorker.java:52)
at org.testng.SuiteRunnerWorker.run(SuiteRunnerWorker.java:95)
at org.testng.TestNG.runSuitesSequentially(TestNG.java:1256)
at org.testng.TestNG.runSuitesLocally(TestNG.java:1176)
at org.testng.TestNG.runSuites(TestNG.java:1099)
at org.testng.TestNG.run(TestNG.java:1067)
at org.testng.remote.AbstractRemoteTestNG.run(AbstractRemoteTestNG.java:115)
at org.testng.remote.RemoteTestNG.initAndRun(RemoteTestNG.java:251)
at org.testng.remote.RemoteTestNG.main(RemoteTestNG.java:77)
]]>
            </full-stacktrace>
          </exception> <!-- org.testng.TestNGException -->
          <reporter-output>
          </reporter-output>
        </test-method> <!-- LaunchDriver -->
        <test-method is-config="true" signature="QuitApp()[pri:0, instance:RunnerPackage.TestRunner@792b749c]" started-at="2024-01-04T05:53:15 GMT" name="QuitApp" finished-at="2024-01-04T05:53:17 GMT" duration-ms="2213" status="PASS">
          <reporter-output>
          </reporter-output>
        </test-method> <!-- QuitApp -->
      </class> <!-- RunnerPackage.TestRunner -->
    </test> <!-- Default test -->
  </suite> <!-- Default suite -->
</testng-results>
