<?xml version="1.0" encoding="UTF-8"?>
<testng-results ignored="0" total="2" passed="2" failed="0" skipped="0">
  <reporter-output>
  </reporter-output>
  <suite started-at="2023-12-30T07:43:47 GMT" name="Default suite" finished-at="2023-12-30T07:43:59 GMT" duration-ms="11816">
    <groups>
    </groups>
    <test started-at="2023-12-30T07:43:47 GMT" name="Default test" finished-at="2023-12-30T07:43:59 GMT" duration-ms="11816">
      <class name="RunnerPackage.TestRunner">
        <test-method is-config="true" signature="launchApp()[pri:0, instance:RunnerPackage.TestRunner@496bc455]" started-at="2023-12-30T07:43:48 GMT" name="launchApp" finished-at="2023-12-30T07:43:57 GMT" duration-ms="9033" status="PASS">
          <reporter-output>
          </reporter-output>
        </test-method> <!-- launchApp -->
        <test-method signature="LaunchDriver()[pri:0, instance:RunnerPackage.TestRunner@496bc455]" started-at="2023-12-30T07:43:57 GMT" name="LaunchDriver" finished-at="2023-12-30T07:43:57 GMT" duration-ms="881" status="PASS">
          <reporter-output>
          </reporter-output>
        </test-method> <!-- LaunchDriver -->
        <test-method signature="Test2()[pri:1, instance:RunnerPackage.TestRunner@496bc455]" started-at="2023-12-30T07:43:57 GMT" name="Test2" finished-at="2023-12-30T07:43:58 GMT" duration-ms="283" status="PASS">
          <reporter-output>
          </reporter-output>
        </test-method> <!-- Test2 -->
        <test-method is-config="true" signature="QuitApp()[pri:0, instance:RunnerPackage.TestRunner@496bc455]" started-at="2023-12-30T07:43:58 GMT" name="QuitApp" finished-at="2023-12-30T07:43:59 GMT" duration-ms="1523" status="PASS">
          <reporter-output>
          </reporter-output>
        </test-method> <!-- QuitApp -->
      </class> <!-- RunnerPackage.TestRunner -->
    </test> <!-- Default test -->
  </suite> <!-- Default suite -->
</testng-results>
